c:\users\taodafen\desktop\workspace\xplay\temp\src\xplay\x64\debug\main.obj
c:\users\taodafen\desktop\workspace\xplay\temp\src\xplay\x64\debug\xdemux.obj
c:\users\taodafen\desktop\workspace\xplay\temp\src\xplay\x64\debug\xplay.obj
c:\users\taodafen\desktop\workspace\xplay\temp\src\xplay\x64\debug\vc142.pdb
c:\users\taodafen\desktop\workspace\xplay\temp\src\xplay\x64\debug\xdecode.obj
c:\users\taodafen\desktop\workspace\xplay\temp\src\xplay\x64\debug\qrc_xplay.obj
c:\users\taodafen\desktop\workspace\xplay\temp\src\xplay\x64\debug\moc_xplay.obj
c:\users\taodafen\desktop\workspace\xplay\temp\bin\win64\xplay.exe
c:\users\taodafen\desktop\workspace\xplay\temp\bin\win64\xplay.ilk
c:\users\taodafen\desktop\workspace\xplay\temp\bin\win64\xplay.pdb
c:\users\taodafen\desktop\workspace\xplay\temp\src\xplay\x64\debug\moc\moc_xplay.cpp
c:\users\taodafen\desktop\workspace\xplay\temp\src\xplay\x64\debug\rcc\qrc_xplay.cpp
c:\users\taodafen\desktop\workspace\xplay\temp\src\xplay\x64\debug\uic\ui_xplay.h
c:\users\taodafen\desktop\workspace\xplay\temp\src\xplay\x64\debug\xplay.tlog\cl.command.1.tlog
c:\users\taodafen\desktop\workspace\xplay\temp\src\xplay\x64\debug\xplay.tlog\cl.read.1.tlog
c:\users\taodafen\desktop\workspace\xplay\temp\src\xplay\x64\debug\xplay.tlog\cl.write.1.tlog
c:\users\taodafen\desktop\workspace\xplay\temp\src\xplay\x64\debug\xplay.tlog\link-cvtres.read.1.tlog
c:\users\taodafen\desktop\workspace\xplay\temp\src\xplay\x64\debug\xplay.tlog\link-cvtres.write.1.tlog
c:\users\taodafen\desktop\workspace\xplay\temp\src\xplay\x64\debug\xplay.tlog\link-rc.read.1.tlog
c:\users\taodafen\desktop\workspace\xplay\temp\src\xplay\x64\debug\xplay.tlog\link-rc.write.1.tlog
c:\users\taodafen\desktop\workspace\xplay\temp\src\xplay\x64\debug\xplay.tlog\link.1448-cvtres.read.1.tlog
c:\users\taodafen\desktop\workspace\xplay\temp\src\xplay\x64\debug\xplay.tlog\link.1448-cvtres.write.1.tlog
c:\users\taodafen\desktop\workspace\xplay\temp\src\xplay\x64\debug\xplay.tlog\link.1448-rc.read.1.tlog
c:\users\taodafen\desktop\workspace\xplay\temp\src\xplay\x64\debug\xplay.tlog\link.1448-rc.write.1.tlog
c:\users\taodafen\desktop\workspace\xplay\temp\src\xplay\x64\debug\xplay.tlog\link.1448.read.1.tlog
c:\users\taodafen\desktop\workspace\xplay\temp\src\xplay\x64\debug\xplay.tlog\link.1448.write.1.tlog
c:\users\taodafen\desktop\workspace\xplay\temp\src\xplay\x64\debug\xplay.tlog\link.command.1.tlog
c:\users\taodafen\desktop\workspace\xplay\temp\src\xplay\x64\debug\xplay.tlog\link.read.1.tlog
c:\users\taodafen\desktop\workspace\xplay\temp\src\xplay\x64\debug\xplay.tlog\link.write.1.tlog
c:\users\taodafen\desktop\workspace\xplay\temp\src\xplay\x64\debug\xplay.tlog\moc.read.1u.tlog
c:\users\taodafen\desktop\workspace\xplay\temp\src\xplay\x64\debug\xplay.tlog\moc.write.1u.tlog
c:\users\taodafen\desktop\workspace\xplay\temp\src\xplay\x64\debug\xplay.tlog\rcc.read.1u.tlog
c:\users\taodafen\desktop\workspace\xplay\temp\src\xplay\x64\debug\xplay.tlog\rcc.write.1u.tlog
c:\users\taodafen\desktop\workspace\xplay\temp\src\xplay\x64\debug\xplay.tlog\uic.read.1u.tlog
c:\users\taodafen\desktop\workspace\xplay\temp\src\xplay\x64\debug\xplay.tlog\uic.write.1u.tlog
c:\users\taodafen\desktop\workspace\xplay\temp\src\xplay\x64\debug\xplay.tlog\xplay.write.1u.tlog
